\BOOKMARK [0][-]{section*.3}{Abstract}{}% 1
\BOOKMARK [0][-]{section*.4}{Sammendrag}{}% 2
\BOOKMARK [0][-]{chapter*.6}{Preface}{}% 3
\BOOKMARK [0][-]{chapter*.7}{Introduction}{}% 4
\BOOKMARK [0][-]{chapter.1}{Flow in Porous Media}{}% 5
\BOOKMARK [1][-]{section.1.1}{Introduction to Petroleum Reservoirs}{chapter.1}% 6
\BOOKMARK [2][-]{subsection.1.1.1}{Porous media}{section.1.1}% 7
\BOOKMARK [2][-]{subsection.1.1.2}{Driving Mechanisms of Production}{section.1.1}% 8
\BOOKMARK [1][-]{section.1.2}{Petroleum Reservoir Modeling}{chapter.1}% 9
\BOOKMARK [2][-]{subsection.1.2.1}{The Continuity Equation}{section.1.2}% 10
\BOOKMARK [2][-]{subsection.1.2.2}{Fluid Models}{section.1.2}% 11
\BOOKMARK [0][-]{chapter.2}{Numerical Methods}{}% 12
\BOOKMARK [1][-]{section.2.1}{Sequential Splitting}{chapter.2}% 13
\BOOKMARK [2][-]{subsection.2.1.1}{The Pressure Equation}{section.2.1}% 14
\BOOKMARK [2][-]{subsection.2.1.2}{The Transport Equation}{section.2.1}% 15
\BOOKMARK [2][-]{subsection.2.1.3}{Mathematical Model}{section.2.1}% 16
\BOOKMARK [1][-]{section.2.2}{The Finite-Volume Method}{chapter.2}% 17
\BOOKMARK [1][-]{section.2.3}{Pressure Solver}{chapter.2}% 18
\BOOKMARK [1][-]{section.2.4}{Transport Solver}{chapter.2}% 19
\BOOKMARK [2][-]{subsection.2.4.1}{Reordering}{section.2.4}% 20
\BOOKMARK [2][-]{subsection.2.4.2}{Root Finders}{section.2.4}% 21
\BOOKMARK [0][-]{chapter.3}{Numerical Results}{}% 22
\BOOKMARK [1][-]{section.3.1}{The OPM Package}{chapter.3}% 23
\BOOKMARK [1][-]{section.3.2}{Test Cases}{chapter.3}% 24
\BOOKMARK [2][-]{subsection.3.2.1}{Test Procedure}{section.3.2}% 25
\BOOKMARK [2][-]{subsection.3.2.2}{Case A: Quarter Five Spot}{section.3.2}% 26
\BOOKMARK [2][-]{subsection.3.2.3}{Case B: Tarbert 2D}{section.3.2}% 27
\BOOKMARK [2][-]{subsection.3.2.4}{Case C: Upper Ness 2D}{section.3.2}% 28
\BOOKMARK [2][-]{subsection.3.2.5}{Case D: Tarbert 3D}{section.3.2}% 29
\BOOKMARK [2][-]{subsection.3.2.6}{Case E: Upper Ness 3D}{section.3.2}% 30
\BOOKMARK [1][-]{section.3.3}{Convergence Tests}{chapter.3}% 31
\BOOKMARK [0][-]{chapter.4}{Discussion}{}% 32
\BOOKMARK [1][-]{section.4.1}{Convergence tests}{chapter.4}% 33
\BOOKMARK [0][-]{chapter*.81}{Conclusion}{}% 34
\BOOKMARK [0][-]{section*.82}{Appendices}{}% 35
\BOOKMARK [0][-]{Appendix.a.A}{Test Drivers}{}% 36
