This is pdfTeX, Version 3.1415926-2.5-1.40.14 (TeX Live 2013) (format=pdflatex 2014.5.3)  9 JUN 2014 13:33
entering extended mode
 \write18 enabled.
 file:line:error style messages enabled.
 %&-line parsing enabled.
**q5-iterations-s-x-T-400-m-x-dim-10-10-60-220-perm-i-0-0-0-i-50.tex
(./q5-iterations-s-x-T-400-m-x-dim-10-10-60-220-perm-i-0-0-0-i-50.tex
LaTeX2e <2011/06/27>
Babel <3.9f> and hyphenation patterns for 78 languages loaded.

./q5-iterations-s-x-T-400-m-x-dim-10-10-60-220-perm-i-0-0-0-i-50.tex:1: LaTeX E
rror: Environment figure undefined.

See the LaTeX manual or LaTeX Companion for explanation.
Type  H <return>  for immediate help.
 ...                                              
                                                  
l.1 \begin{figure}
                  [!ht]
? 
./q5-iterations-s-x-T-400-m-x-dim-10-10-60-220-perm-i-0-0-0-i-50.tex:1: Emergen
cy stop.
 ...                                              
                                                  
l.1 \begin{figure}
                  [!ht]
Your command was ignored.
Type  I <command> <return>  to replace it with another command,
or  <return>  to continue without it.

 
Here is how much of TeX's memory you used:
 7 strings out of 493315
 489 string characters out of 6137905
 52158 words of memory out of 5000000
 3558 multiletter control sequences out of 15000+600000
 3640 words of font info for 14 fonts, out of 8000000 for 9000
 957 hyphenation exceptions out of 8191
 5i,0n,4p,95b,16s stack positions out of 5000i,500n,10000p,200000b,80000s
./q5-iterations-s-x-T-400-m-x-dim-10-10-60-220-perm-i-0-0-0-i-50.tex:1:  ==> Fa
tal error occurred, no output PDF file produced!
